2011-12-30 11:58:19.401-0500: Creating new db @ target/db/neostore
2011-12-30 11:58:19.514-0500: Opened [target/db/nioneo_logical.log.1] clean empty log, version=0, lastTxId=1
2011-12-30 11:58:19.582-0500: Opened [/Users/rogueleaderr/Programming/Java/projects/dbpedia_peter/target/db/index/lucene.log.1] clean empty log, version=0, lastTxId=1
2011-12-30 11:58:19.584-0500: TM new log: tm_tx_log.1
2011-12-30 11:58:19.599-0500: --- CONFIGURATION START ---
2011-12-30 11:58:19.599-0500: Graph Database: org.neo4j.kernel.EmbeddedGraphDatabase StoreId[time:1325264299412, id:-53439523459068529, store version: 13561656364791302]
2011-12-30 11:58:19.599-0500: Physical mem: 8192MB, Heap size: 123MB
2011-12-30 11:58:19.601-0500: Kernel version: Neo4j - Graph Database Kernel 1.5
2011-12-30 11:58:19.601-0500: Neo4j component versions:
2011-12-30 11:58:19.601-0500:   Neo4j - Graph Database Kernel 1.5
2011-12-30 11:58:19.602-0500: Store versions:
2011-12-30 11:58:19.602-0500:   NeoStore v0.A.0
2011-12-30 11:58:19.602-0500:   NodeStore v0.A.0
2011-12-30 11:58:19.602-0500:   RelationshipStore v0.A.0
2011-12-30 11:58:19.602-0500:   RelationshipTypeStore v0.A.0
2011-12-30 11:58:19.602-0500:   PropertyStore v0.A.0
2011-12-30 11:58:19.602-0500:   PropertyIndexStore v0.A.0
2011-12-30 11:58:19.602-0500:   StringPropertyStore v0.A.0
2011-12-30 11:58:19.602-0500:   ArrayPropertyStore v0.A.0
2011-12-30 11:58:19.608-0500: Process id: 1383@Georges-MacBook-Pro.local
2011-12-30 11:58:19.608-0500: Operating System: Mac OS X; version: 10.7.2; arch: x86_64; cpus: 8
2011-12-30 11:58:19.609-0500: Max number of file descriptors: 10240
2011-12-30 11:58:19.609-0500: Number of open file descriptors: 147
2011-12-30 11:58:19.612-0500: Total Physical memory: 8.00 GB
2011-12-30 11:58:19.612-0500: Free Physical memory: 2.75 GB
2011-12-30 11:58:19.613-0500: Committed virtual memory: 2.81 GB
2011-12-30 11:58:19.613-0500: Total swap space: 64.00 MB
2011-12-30 11:58:19.613-0500: Free swap space: 64.00 MB
2011-12-30 11:58:19.614-0500: Byte order: LITTLE_ENDIAN
2011-12-30 11:58:19.614-0500: VM Name: Java HotSpot(TM) 64-Bit Server VM
2011-12-30 11:58:19.614-0500: VM Vendor: Apple Inc.
2011-12-30 11:58:19.614-0500: VM Version: 20.4-b02-402
2011-12-30 11:58:19.615-0500: JIT compiler: HotSpot 64-Bit Tiered Compilers
2011-12-30 11:58:19.621-0500: Class Path:
2011-12-30 11:58:19.622-0500:    [classpath] /Users/rogueleaderr/.m2/repository/org/eclipse/jetty/jetty-continuation/7.2.2.v20101205/jetty-continuation-7.2.2.v20101205.jar
2011-12-30 11:58:19.622-0500:    [bootstrap] /System/Library/Frameworks/JavaVM.framework/Versions/A/Frameworks/JavaRuntimeSupport.framework/Versions/A/Resources/Java/JavaRuntimeSupport.jar
2011-12-30 11:58:19.622-0500:    [classpath] /Users/rogueleaderr/.m2/repository/net/fortytwo/sesametools/common/1.4/common-1.4.jar
2011-12-30 11:58:19.622-0500:    [classpath] /Users/rogueleaderr/.m2/repository/org/neo4j/neo4j-com/1.5/neo4j-com-1.5.jar
2011-12-30 11:58:19.622-0500:    [classpath] /Users/rogueleaderr/.m2/repository/net/fortytwo/sesametools/reposail/1.6/reposail-1.6.jar
2011-12-30 11:58:19.622-0500:    [classpath] /Users/rogueleaderr/.m2/repository/org/neo4j/neo4j-backup/1.5/neo4j-backup-1.5.jar
2011-12-30 11:58:19.622-0500:    [classpath] /Users/rogueleaderr/.m2/repository/org/openrdf/sesame/sesame-rio-turtle/2.4.2/sesame-rio-turtle-2.4.2.jar
2011-12-30 11:58:19.622-0500:    [loader.1] file:/System/Library/Java/Extensions/vecmath.jar
2011-12-30 11:58:19.622-0500:    [classpath] /Users/rogueleaderr/.m2/repository/org/codehaus/jackson/jackson-mapper-asl/1.8.5/jackson-mapper-asl-1.8.5.jar
2011-12-30 11:58:19.622-0500:    [classpath] /Users/rogueleaderr/.m2/repository/org/slf4j/slf4j-log4j12/1.5.6/slf4j-log4j12-1.5.6.jar
2011-12-30 11:58:19.622-0500:    [classpath] /Users/rogueleaderr/.m2/repository/info/aduna/commons/aduna-commons-i18n/1.4.0/aduna-commons-i18n-1.4.0.jar
2011-12-30 11:58:19.622-0500:    [classpath] /Users/rogueleaderr/.m2/repository/org/neo4j/neo4j-udc/1.5/neo4j-udc-1.5.jar
2011-12-30 11:58:19.622-0500:    [classpath] /Users/rogueleaderr/.m2/repository/org/neo4j/neo4j-lucene-index/1.5/neo4j-lucene-index-1.5.jar
2011-12-30 11:58:19.623-0500:    [classpath] /Users/rogueleaderr/.m2/repository/javax/servlet/servlet-api/2.5/servlet-api-2.5.jar
2011-12-30 11:58:19.623-0500:    [bootstrap] /System/Library/Java/JavaVirtualMachines/1.6.0.jdk/Contents/Classes/laf.jar
2011-12-30 11:58:19.623-0500:    [classpath] /Users/rogueleaderr/.m2/repository/org/restlet/org.restlet/1.0.5/org.restlet-1.0.5.jar
2011-12-30 11:58:19.623-0500:    [loader.1] file:/System/Library/Java/Extensions/libJ3D.jnilib
2011-12-30 11:58:19.623-0500:    [classpath] /Users/rogueleaderr/.m2/repository/org/eclipse/jetty/jetty-servlet/7.2.2.v20101205/jetty-servlet-7.2.2.v20101205.jar
2011-12-30 11:58:19.623-0500:    [loader.1] file:/System/Library/Java/Extensions/QTJava.zip
2011-12-30 11:58:19.623-0500:    [classpath] /Users/rogueleaderr/.m2/repository/org/openrdf/sesame/sesame-http-client/2.6.0/sesame-http-client-2.6.0.jar
2011-12-30 11:58:19.623-0500:    [classpath] /Users/rogueleaderr/.m2/repository/stax/stax-api/1.0.1/stax-api-1.0.1.jar
2011-12-30 11:58:19.623-0500:    [classpath] /Users/rogueleaderr/.m2/repository/junit/junit/4.9/junit-4.9.jar
2011-12-30 11:58:19.623-0500:    [classpath] /Users/rogueleaderr/.m2/repository/org/openrdf/sesame/sesame-rio-trig/2.4.2/sesame-rio-trig-2.4.2.jar
2011-12-30 11:58:19.623-0500:    [classpath] /Users/rogueleaderr/.m2/repository/info/aduna/commons/aduna-commons-lang/2.9.0/aduna-commons-lang-2.9.0.jar
2011-12-30 11:58:19.623-0500:    [classpath] /Users/rogueleaderr/.m2/repository/org/openrdf/sesame/sesame-queryalgebra-evaluation/2.6.0/sesame-queryalgebra-evaluation-2.6.0.jar
2011-12-30 11:58:19.623-0500:    [classpath] /Users/rogueleaderr/.m2/repository/commons-codec/commons-codec/1.4/commons-codec-1.4.jar
2011-12-30 11:58:19.623-0500:    [loader.1] file:/System/Library/Java/Extensions/j3daudio.jar
2011-12-30 11:58:19.623-0500:    [classpath] /Users/rogueleaderr/.m2/repository/org/neo4j/neo4j-ha/1.5/neo4j-ha-1.5.jar
2011-12-30 11:58:19.624-0500:    [classpath] /Users/rogueleaderr/.m2/repository/info/aduna/commons/aduna-commons-io/2.10.0/aduna-commons-io-2.10.0.jar
2011-12-30 11:58:19.624-0500:    [loader.1] file:/System/Library/Java/Extensions/libQTJNative.jnilib
2011-12-30 11:58:19.624-0500:    [loader.1] file:/System/Library/Java/Extensions/j3dcore.jar
2011-12-30 11:58:19.624-0500:    [classpath] /Users/rogueleaderr/.m2/repository/org/slf4j/slf4j-api/1.5.6/slf4j-api-1.5.6.jar
2011-12-30 11:58:19.624-0500:    [bootstrap] /System/Library/Java/JavaVirtualMachines/1.6.0.jdk/Contents/Classes/sunrsasign.jar
2011-12-30 11:58:19.624-0500:    [loader.1] file:/System/Library/Java/Extensions/jai_core.jar
2011-12-30 11:58:19.624-0500:    [classpath] /Users/rogueleaderr/.m2/repository/com/tinkerpop/blueprints/blueprints-neo4j-graph/1.1/blueprints-neo4j-graph-1.1.jar
2011-12-30 11:58:19.624-0500:    [classpath] /Users/rogueleaderr/.m2/repository/org/openrdf/sesame/sesame-query/2.5.0/sesame-query-2.5.0.jar
2011-12-30 11:58:19.624-0500:    [classpath] /Users/rogueleaderr/.m2/repository/org/eclipse/jetty/jetty-websocket/7.2.2.v20101205/jetty-websocket-7.2.2.v20101205.jar
2011-12-30 11:58:19.624-0500:    [classpath] /Users/rogueleaderr/.m2/repository/org/neo4j/neo4j-management/1.5/neo4j-management-1.5.jar
2011-12-30 11:58:19.624-0500:    [classpath] /Users/rogueleaderr/.m2/repository/info/aduna/commons/aduna-commons-text/2.7.0/aduna-commons-text-2.7.0.jar
2011-12-30 11:58:19.624-0500:    [classpath] /Users/rogueleaderr/.m2/repository/org/openrdf/sesame/sesame-repository-sail/2.5.0/sesame-repository-sail-2.5.0.jar
2011-12-30 11:58:19.624-0500:    [classpath] /Users/rogueleaderr/.m2/repository/org/openrdf/sesame/sesame-rio-rdfxml/2.4.2/sesame-rio-rdfxml-2.4.2.jar
2011-12-30 11:58:19.624-0500:    [classpath] /Users/rogueleaderr/.m2/repository/org/openrdf/sesame/sesame-queryparser-serql/2.6.0/sesame-queryparser-serql-2.6.0.jar
2011-12-30 11:58:19.624-0500:    [loader.0] file:/Users/rogueleaderr/Programming/Java/projects/dbpedia_peter/target/surefire/surefirebooter7816628360979007377.jar
2011-12-30 11:58:19.625-0500:    [classpath] /Users/rogueleaderr/.m2/repository/com/tinkerpop/blueprints/blueprints-sail-graph/1.1/blueprints-sail-graph-1.1.jar
2011-12-30 11:58:19.625-0500:    [bootstrap] /System/Library/Java/JavaVirtualMachines/1.6.0.jdk/Contents/Home/lib/jce.jar
2011-12-30 11:58:19.625-0500:    [classpath] /Users/rogueleaderr/.m2/repository/net/fortytwo/rdfflow/0.7/rdfflow-0.7.jar
2011-12-30 11:58:19.625-0500:    [classpath] /Users/rogueleaderr/.m2/repository/org/eclipse/jetty/jetty-http/7.2.2.v20101205/jetty-http-7.2.2.v20101205.jar
2011-12-30 11:58:19.625-0500:    [loader.1] file:/System/Library/Java/Extensions/AppleScriptEngine.jar
2011-12-30 11:58:19.625-0500:    [classpath] /Users/rogueleaderr/.m2/repository/org/eclipse/jetty/jetty-io/7.2.2.v20101205/jetty-io-7.2.2.v20101205.jar
2011-12-30 11:58:19.625-0500:    [loader.1] file:/System/Library/Java/JavaVirtualMachines/1.6.0.jdk/Contents/Home/lib/ext/apple_provider.jar
2011-12-30 11:58:19.625-0500:    [classpath] /Users/rogueleaderr/.m2/repository/net/fortytwo/linked-data-sail/0.7/linked-data-sail-0.7.jar
2011-12-30 11:58:19.625-0500:    [classpath] /Users/rogueleaderr/.m2/repository/org/openrdf/sesame/sesame-queryparser-sparql/2.6.0/sesame-queryparser-sparql-2.6.0.jar
2011-12-30 11:58:19.625-0500:    [classpath] /Users/rogueleaderr/.m2/repository/org/eclipse/jetty/jetty-util/7.2.2.v20101205/jetty-util-7.2.2.v20101205.jar
2011-12-30 11:58:19.625-0500:    [classpath] /Users/rogueleaderr/.m2/repository/org/apache/zookeeper/zookeeper/3.3.2/zookeeper-3.3.2.jar
2011-12-30 11:58:19.625-0500:    [classpath] /Users/rogueleaderr/.m2/repository/org/openrdf/sesame/sesame-queryparser-api/2.5.0/sesame-queryparser-api-2.5.0.jar
2011-12-30 11:58:19.625-0500:    [classpath] /Users/rogueleaderr/.m2/repository/org/openrdf/sesame/sesame-queryalgebra-model/2.5.0/sesame-queryalgebra-model-2.5.0.jar
2011-12-30 11:58:19.625-0500:    [bootstrap] /System/Library/Java/JavaVirtualMachines/1.6.0.jdk/Contents/Classes/charsets.jar
2011-12-30 11:58:19.626-0500:    [loader.1] file:/System/Library/Java/Extensions/dns_sd.jar
2011-12-30 11:58:19.626-0500:    [classpath] /Users/rogueleaderr/.m2/repository/org/neo4j/neo4j-jmx/1.5/neo4j-jmx-1.5.jar
2011-12-30 11:58:19.626-0500:    [classpath] /Users/rogueleaderr/.m2/repository/org/codehaus/jettison/jettison/1.3/jettison-1.3.jar
2011-12-30 11:58:19.626-0500:    [classpath] /Users/rogueleaderr/.m2/repository/org/slf4j/slf4j-jdk14/1.5.6/slf4j-jdk14-1.5.6.jar
2011-12-30 11:58:19.626-0500:    [classpath] /Users/rogueleaderr/.m2/repository/org/apache/geronimo/specs/geronimo-jta_1.1_spec/1.1.1/geronimo-jta_1.1_spec-1.1.1.jar
2011-12-30 11:58:19.626-0500:    [loader.1] file:/System/Library/Java/Extensions/MRJToolkit.jar
2011-12-30 11:58:19.626-0500:    [loader.1] file:/System/Library/Java/Extensions/libmlib_jai.jnilib
2011-12-30 11:58:19.626-0500:    [classpath] /Users/rogueleaderr/.m2/repository/net/fortytwo/ripple/ripple-rdf/0.7/ripple-rdf-0.7.jar
2011-12-30 11:58:19.626-0500:    [classpath] /Users/rogueleaderr/.m2/repository/org/openrdf/sesame/sesame-sail-memory/2.6.0/sesame-sail-memory-2.6.0.jar
2011-12-30 11:58:19.626-0500:    [classpath] /Users/rogueleaderr/.m2/repository/info/aduna/commons/aduna-commons-concurrent/2.7.0/aduna-commons-concurrent-2.7.0.jar
2011-12-30 11:58:19.626-0500:    [classpath] /Users/rogueleaderr/.m2/repository/org/neo4j/neo4j-cypher/1.5/neo4j-cypher-1.5.jar
2011-12-30 11:58:19.626-0500:    [classpath] /Users/rogueleaderr/.m2/repository/org/openrdf/sesame/sesame-repository-api/2.5.0/sesame-repository-api-2.5.0.jar
2011-12-30 11:58:19.626-0500:    [loader.1] file:/System/Library/Java/JavaVirtualMachines/1.6.0.jdk/Contents/Home/lib/ext/dnsns.jar
2011-12-30 11:58:19.626-0500:    [classpath] /Users/rogueleaderr/.m2/repository/org/openrdf/sesame/sesame-rio-api/2.5.0/sesame-rio-api-2.5.0.jar
2011-12-30 11:58:19.626-0500:    [classpath] /Users/rogueleaderr/.m2/repository/org/neo4j/neo4j-graph-algo/1.5/neo4j-graph-algo-1.5.jar
2011-12-30 11:58:19.627-0500:    [classpath] /Users/rogueleaderr/Programming/Java/projects/dbpedia_peter/target/classes
2011-12-30 11:58:19.627-0500:    [classpath] /Users/rogueleaderr/.m2/repository/org/codehaus/jackson/jackson-core-asl/1.8.5/jackson-core-asl-1.8.5.jar
2011-12-30 11:58:19.627-0500:    [classpath] /Users/rogueleaderr/.m2/repository/org/openrdf/sesame/sesame-queryresultio-api/2.6.0/sesame-queryresultio-api-2.6.0.jar
2011-12-30 11:58:19.627-0500:    [classpath] /Users/rogueleaderr/.m2/repository/com/tinkerpop/blueprints/blueprints-graph-sail/1.1/blueprints-graph-sail-1.1.jar
2011-12-30 11:58:19.627-0500:    [loader.1] file:/System/Library/Java/Extensions/mlibwrapper_jai.jar
2011-12-30 11:58:19.627-0500:    [bootstrap] /System/Library/Java/JavaVirtualMachines/1.6.0.jdk/Contents/Classes/classes.jar
2011-12-30 11:58:19.627-0500:    [loader.1] file:/System/Library/Java/JavaVirtualMachines/1.6.0.jdk/Contents/Home/lib/ext/localedata.jar
2011-12-30 11:58:19.627-0500:    [classpath] /Users/rogueleaderr/.m2/repository/info/aduna/commons/aduna-commons-net/2.7.0/aduna-commons-net-2.7.0.jar
2011-12-30 11:58:19.627-0500:    [classpath] /Users/rogueleaderr/.m2/repository/org/openrdf/sesame/sesame-rio-n3/2.4.2/sesame-rio-n3-2.4.2.jar
2011-12-30 11:58:19.627-0500:    [classpath] /Users/rogueleaderr/.m2/repository/log4j/log4j/1.2.16/log4j-1.2.16.jar
2011-12-30 11:58:19.627-0500:    [classpath] /Users/rogueleaderr/.m2/repository/org/openrdf/sesame/sesame-sail-inferencer/2.6.0/sesame-sail-inferencer-2.6.0.jar
2011-12-30 11:58:19.627-0500:    [classpath] /Users/rogueleaderr/.m2/repository/org/eclipse/jetty/jetty-server/7.2.2.v20101205/jetty-server-7.2.2.v20101205.jar
2011-12-30 11:58:19.627-0500:    [loader.1] file:/System/Library/Java/Extensions/libJ3DAudio.jnilib
2011-12-30 11:58:19.627-0500:    [loader.1] file:/System/Library/Java/Extensions/libAppleScriptEngine.jnilib
2011-12-30 11:58:19.627-0500:    [bootstrap] /System/Library/Java/JavaVirtualMachines/1.6.0.jdk/Contents/Classes/ui.jar
2011-12-30 11:58:19.628-0500:    [classpath] /Users/rogueleaderr/.m2/repository/org/openrdf/sesame/sesame-sail-nativerdf/2.6.0/sesame-sail-nativerdf-2.6.0.jar
2011-12-30 11:58:19.628-0500:    [classpath] /Users/rogueleaderr/.m2/repository/org/openrdf/sesame/sesame-repository-sparql/2.6.0/sesame-repository-sparql-2.6.0.jar
2011-12-30 11:58:19.628-0500:    [classpath] /Users/rogueleaderr/.m2/repository/org/openrdf/sesame/sesame-rio-trix/2.4.2/sesame-rio-trix-2.4.2.jar
2011-12-30 11:58:19.628-0500:    [classpath] /Users/rogueleaderr/.m2/repository/commons-logging/commons-logging/1.0.4/commons-logging-1.0.4.jar
2011-12-30 11:58:19.628-0500:    [loader.1] file:/System/Library/Java/Extensions/libJ3DUtils.jnilib
2011-12-30 11:58:19.628-0500:    [classpath] /Users/rogueleaderr/.m2/repository/com/tinkerpop/blueprints/blueprints-core/1.1/blueprints-core-1.1.jar
2011-12-30 11:58:19.628-0500:    [classpath] /Users/rogueleaderr/.m2/repository/org/scala-lang/scala-library/2.9.0-1/scala-library-2.9.0-1.jar
2011-12-30 11:58:19.628-0500:    [classpath] /Users/rogueleaderr/.m2/repository/org/codehaus/jackson/jackson-jaxrs/1.8.5/jackson-jaxrs-1.8.5.jar
2011-12-30 11:58:19.628-0500:    [classpath] /Users/rogueleaderr/.m2/repository/org/openrdf/sesame/sesame-sail-api/2.6.0/sesame-sail-api-2.6.0.jar
2011-12-30 11:58:19.628-0500:    [loader.1] file:/System/Library/Java/Extensions/j3dutils.jar
2011-12-30 11:58:19.628-0500:    [classpath] /Users/rogueleaderr/.m2/repository/org/eclipse/jetty/jetty-security/7.2.2.v20101205/jetty-security-7.2.2.v20101205.jar
2011-12-30 11:58:19.628-0500:    [classpath] /Users/rogueleaderr/.m2/repository/commons-httpclient/commons-httpclient/3.1/commons-httpclient-3.1.jar
2011-12-30 11:58:19.628-0500:    [classpath] /Users/rogueleaderr/.m2/repository/info/aduna/commons/aduna-commons-xml/2.7.0/aduna-commons-xml-2.7.0.jar
2011-12-30 11:58:19.628-0500:    [classpath] /Users/rogueleaderr/.m2/repository/org/openrdf/sesame/sesame-rio-ntriples/2.5.0/sesame-rio-ntriples-2.5.0.jar
2011-12-30 11:58:19.629-0500:    [loader.1] file:/System/Library/Java/Extensions/jai_codec.jar
2011-12-30 11:58:19.629-0500:    [classpath] /Users/rogueleaderr/.m2/repository/info/aduna/commons/aduna-commons-collections/2.8.0/aduna-commons-collections-2.8.0.jar
2011-12-30 11:58:19.629-0500:    [classpath] /Users/rogueleaderr/.m2/repository/org/hamcrest/hamcrest-core/1.1/hamcrest-core-1.1.jar
2011-12-30 11:58:19.629-0500:    [loader.1] file:/System/Library/Java/JavaVirtualMachines/1.6.0.jdk/Contents/Home/lib/ext/sunjce_provider.jar
2011-12-30 11:58:19.629-0500:    [classpath] /Users/rogueleaderr/.m2/repository/org/neo4j/neo4j-kernel/1.5/neo4j-kernel-1.5.jar
2011-12-30 11:58:19.629-0500:    [classpath] /Users/rogueleaderr/.m2/repository/org/openrdf/sesame/sesame-queryresultio-sparqlxml/2.6.0/sesame-queryresultio-sparqlxml-2.6.0.jar
2011-12-30 11:58:19.629-0500:    [classpath] /Users/rogueleaderr/.m2/repository/info/aduna/commons/aduna-commons-iteration/2.10.0/aduna-commons-iteration-2.10.0.jar
2011-12-30 11:58:19.629-0500:    [classpath] /Users/rogueleaderr/.m2/repository/org/openrdf/sesame/sesame-model/2.5.0/sesame-model-2.5.0.jar
2011-12-30 11:58:19.629-0500:    [classpath] /Users/rogueleaderr/Programming/Java/projects/dbpedia_peter/target/test-classes
2011-12-30 11:58:19.629-0500:    [classpath] /Users/rogueleaderr/.m2/repository/net/fortytwo/ripple/ripple-base/0.7/ripple-base-0.7.jar
2011-12-30 11:58:19.629-0500:    [classpath] /Users/rogueleaderr/.m2/repository/commons-lang/commons-lang/2.5/commons-lang-2.5.jar
2011-12-30 11:58:19.629-0500:    [classpath] /Users/rogueleaderr/.m2/repository/org/openrdf/sesame/sesame-http-protocol/2.6.0/sesame-http-protocol-2.6.0.jar
2011-12-30 11:58:19.629-0500:    [bootstrap] /System/Library/Java/JavaVirtualMachines/1.6.0.jdk/Contents/Classes/jsse.jar
2011-12-30 11:58:19.629-0500:    [bootstrap] /System/Library/Java/JavaVirtualMachines/1.6.0.jdk/Contents/Classes/jsfd.jar
2011-12-30 11:58:19.630-0500:    [classpath] /Users/rogueleaderr/.m2/repository/org/apache/servicemix/bundles/org.apache.servicemix.bundles.netty/3.2.5.Final_1/org.apache.servicemix.bundles.netty-3.2.5.Final_1.jar
2011-12-30 11:58:19.630-0500:    [classpath] /Users/rogueleaderr/.m2/repository/net/fortytwo/flow/0.7/flow-0.7.jar
2011-12-30 11:58:19.630-0500:    [loader.1] file:/System/Library/Java/JavaVirtualMachines/1.6.0.jdk/Contents/Home/lib/ext/sunpkcs11.jar
2011-12-30 11:58:19.630-0500:    [classpath] /Users/rogueleaderr/.m2/repository/net/fortytwo/sesametools/nquads/1.6/nquads-1.6.jar
2011-12-30 11:58:19.630-0500:    [classpath] /Users/rogueleaderr/.m2/repository/org/apache/lucene/lucene-core/3.1.0/lucene-core-3.1.0.jar
2011-12-30 11:58:19.630-0500:    [classpath] /Users/rogueleaderr/.m2/repository/org/neo4j/neo4j-graph-matching/1.5/neo4j-graph-matching-1.5.jar
2011-12-30 11:58:19.630-0500:    [classpath] /Users/rogueleaderr/.m2/repository/org/slf4j/jcl-over-slf4j/1.5.6/jcl-over-slf4j-1.5.6.jar
2011-12-30 11:58:19.630-0500: Library Path:
2011-12-30 11:58:19.630-0500:   /Users/rogueleaderr/Programming/Java/projects/dbpedia_peter
2011-12-30 11:58:19.630-0500:   /Library/Java/Extensions
2011-12-30 11:58:19.630-0500:   /System/Library/Java/Extensions
2011-12-30 11:58:19.631-0500:   /usr/lib/java
2011-12-30 11:58:19.633-0500: Garbage Collector: ParNew: [Par Eden Space, Par Survivor Space]
2011-12-30 11:58:19.633-0500: Garbage Collector: ConcurrentMarkSweep: [Par Eden Space, Par Survivor Space, CMS Old Gen, CMS Perm Gen]
2011-12-30 11:58:19.634-0500: Memory Pool: Code Cache (Non-heap memory): committed=2.44 MB, used=564.63 kB, max=48.00 MB, threshold=0.00 B
2011-12-30 11:58:19.634-0500: Memory Pool: Par Eden Space (Heap memory): committed=16.63 MB, used=3.93 MB, max=16.63 MB, threshold=?
2011-12-30 11:58:19.635-0500: Memory Pool: Par Survivor Space (Heap memory): committed=2.06 MB, used=1.05 MB, max=2.06 MB, threshold=?
2011-12-30 11:58:19.635-0500: Memory Pool: CMS Old Gen (Heap memory): committed=62.38 MB, used=0.00 B, max=105.25 MB, threshold=0.00 B
2011-12-30 11:58:19.636-0500: Memory Pool: CMS Perm Gen (Non-heap memory): committed=20.75 MB, used=9.44 MB, max=82.00 MB, threshold=0.00 B
2011-12-30 11:58:19.636-0500: VM Arguments: []
2011-12-30 11:58:19.636-0500: System properties:
2011-12-30 11:58:19.637-0500:   sun.boot.library.path = /System/Library/Java/JavaVirtualMachines/1.6.0.jdk/Contents/Libraries
2011-12-30 11:58:19.637-0500:   awt.nativeDoubleBuffering = true
2011-12-30 11:58:19.637-0500:   gopherProxySet = false
2011-12-30 11:58:19.637-0500:   mrj.build = 11M3527
2011-12-30 11:58:19.637-0500:   path.separator = :
2011-12-30 11:58:19.637-0500:   file.encoding.pkg = sun.io
2011-12-30 11:58:19.637-0500:   sun.java.launcher = SUN_STANDARD
2011-12-30 11:58:19.637-0500:   user.country = US
2011-12-30 11:58:19.637-0500:   sun.os.patch.level = unknown
2011-12-30 11:58:19.637-0500:   user.dir = /Users/rogueleaderr/Programming/Java/projects/dbpedia_peter
2011-12-30 11:58:19.637-0500:   basedir = /Users/rogueleaderr/Programming/Java/projects/dbpedia_peter
2011-12-30 11:58:19.638-0500:   surefire.real.class.path = /Users/rogueleaderr/Programming/Java/projects/dbpedia_peter/target/surefire/surefirebooter7816628360979007377.jar
2011-12-30 11:58:19.638-0500:   sun.jnu.encoding = MacRoman
2011-12-30 11:58:19.638-0500:   surefire.test.class.path = /Users/rogueleaderr/Programming/Java/projects/dbpedia_peter/target/test-classes:/Users/rogueleaderr/Programming/Java/projects/dbpedia_peter/target/classes:/Users/rogueleaderr/.m2/repository/com/tinkerpop/blueprints/blueprints-graph-sail/1.1/blueprints-graph-sail-1.1.jar:/Users/rogueleaderr/.m2/repository/com/tinkerpop/blueprints/blueprints-core/1.1/blueprints-core-1.1.jar:/Users/rogueleaderr/.m2/repository/org/codehaus/jettison/jettison/1.3/jettison-1.3.jar:/Users/rogueleaderr/.m2/repository/stax/stax-api/1.0.1/stax-api-1.0.1.jar:/Users/rogueleaderr/.m2/repository/org/codehaus/jackson/jackson-jaxrs/1.8.5/jackson-jaxrs-1.8.5.jar:/Users/rogueleaderr/.m2/repository/org/codehaus/jackson/jackson-core-asl/1.8.5/jackson-core-asl-1.8.5.jar:/Users/rogueleaderr/.m2/repository/org/codehaus/jackson/jackson-mapper-asl/1.8.5/jackson-mapper-asl-1.8.5.jar:/Users/rogueleaderr/.m2/repository/net/fortytwo/sesametools/common/1.4/common-1.4.jar:/Users/rogueleaderr/.m2/repository/log4j/log4j/1.2.16/log4j-1.2.16.jar:/Users/rogueleaderr/.m2/repository/org/openrdf/sesame/sesame-sail-inferencer/2.6.0/sesame-sail-inferencer-2.6.0.jar:/Users/rogueleaderr/.m2/repository/org/openrdf/sesame/sesame-queryparser-serql/2.6.0/sesame-queryparser-serql-2.6.0.jar:/Users/rogueleaderr/.m2/repository/info/aduna/commons/aduna-commons-text/2.7.0/aduna-commons-text-2.7.0.jar:/Users/rogueleaderr/.m2/repository/org/openrdf/sesame/sesame-sail-api/2.6.0/sesame-sail-api-2.6.0.jar:/Users/rogueleaderr/.m2/repository/info/aduna/commons/aduna-commons-concurrent/2.7.0/aduna-commons-concurrent-2.7.0.jar:/Users/rogueleaderr/.m2/repository/org/openrdf/sesame/sesame-queryalgebra-evaluation/2.6.0/sesame-queryalgebra-evaluation-2.6.0.jar:/Users/rogueleaderr/.m2/repository/org/openrdf/sesame/sesame-repository-sparql/2.6.0/sesame-repository-sparql-2.6.0.jar:/Users/rogueleaderr/.m2/repository/org/openrdf/sesame/sesame-http-client/2.6.0/sesame-http-client-2.6.0.jar:/Users/rogueleaderr/.m2/repository/org/openrdf/sesame/sesame-http-protocol/2.6.0/sesame-http-protocol-2.6.0.jar:/Users/rogueleaderr/.m2/repository/org/openrdf/sesame/sesame-queryresultio-api/2.6.0/sesame-queryresultio-api-2.6.0.jar:/Users/rogueleaderr/.m2/repository/commons-codec/commons-codec/1.4/commons-codec-1.4.jar:/Users/rogueleaderr/.m2/repository/org/openrdf/sesame/sesame-queryresultio-sparqlxml/2.6.0/sesame-queryresultio-sparqlxml-2.6.0.jar:/Users/rogueleaderr/.m2/repository/info/aduna/commons/aduna-commons-xml/2.7.0/aduna-commons-xml-2.7.0.jar:/Users/rogueleaderr/.m2/repository/info/aduna/commons/aduna-commons-collections/2.8.0/aduna-commons-collections-2.8.0.jar:/Users/rogueleaderr/.m2/repository/com/tinkerpop/blueprints/blueprints-sail-graph/1.1/blueprints-sail-graph-1.1.jar:/Users/rogueleaderr/.m2/repository/org/slf4j/slf4j-log4j12/1.5.6/slf4j-log4j12-1.5.6.jar:/Users/rogueleaderr/.m2/repository/org/openrdf/sesame/sesame-queryparser-sparql/2.6.0/sesame-queryparser-sparql-2.6.0.jar:/Users/rogueleaderr/.m2/repository/info/aduna/commons/aduna-commons-net/2.7.0/aduna-commons-net-2.7.0.jar:/Users/rogueleaderr/.m2/repository/org/openrdf/sesame/sesame-sail-memory/2.6.0/sesame-sail-memory-2.6.0.jar:/Users/rogueleaderr/.m2/repository/org/openrdf/sesame/sesame-sail-nativerdf/2.6.0/sesame-sail-nativerdf-2.6.0.jar:/Users/rogueleaderr/.m2/repository/net/fortytwo/linked-data-sail/0.7/linked-data-sail-0.7.jar:/Users/rogueleaderr/.m2/repository/net/fortytwo/ripple/ripple-rdf/0.7/ripple-rdf-0.7.jar:/Users/rogueleaderr/.m2/repository/net/fortytwo/ripple/ripple-base/0.7/ripple-base-0.7.jar:/Users/rogueleaderr/.m2/repository/net/fortytwo/rdfflow/0.7/rdfflow-0.7.jar:/Users/rogueleaderr/.m2/repository/net/fortytwo/flow/0.7/flow-0.7.jar:/Users/rogueleaderr/.m2/repository/org/openrdf/sesame/sesame-rio-n3/2.4.2/sesame-rio-n3-2.4.2.jar:/Users/rogueleaderr/.m2/repository/org/openrdf/sesame/sesame-rio-rdfxml/2.4.2/sesame-rio-rdfxml-2.4.2.jar:/Users/rogueleaderr/.m2/repository/org/openrdf/sesame/sesame-rio-trig/2.4.2/sesame-rio-trig-2.4.2.jar:/Users/rogueleaderr/.m2/repository/org/openrdf/sesame/sesame-rio-trix/2.4.2/sesame-rio-trix-2.4.2.jar:/Users/rogueleaderr/.m2/repository/org/openrdf/sesame/sesame-rio-turtle/2.4.2/sesame-rio-turtle-2.4.2.jar:/Users/rogueleaderr/.m2/repository/commons-httpclient/commons-httpclient/3.1/commons-httpclient-3.1.jar:/Users/rogueleaderr/.m2/repository/commons-logging/commons-logging/1.0.4/commons-logging-1.0.4.jar:/Users/rogueleaderr/.m2/repository/org/restlet/org.restlet/1.0.5/org.restlet-1.0.5.jar:/Users/rogueleaderr/.m2/repository/net/fortytwo/sesametools/nquads/1.6/nquads-1.6.jar:/Users/rogueleaderr/.m2/repository/net/fortytwo/sesametools/reposail/1.6/reposail-1.6.jar:/Users/rogueleaderr/.m2/repository/com/tinkerpop/blueprints/blueprints-neo4j-graph/1.1/blueprints-neo4j-graph-1.1.jar:/Users/rogueleaderr/.m2/repository/org/neo4j/neo4j-kernel/1.5/neo4j-kernel-1.5.jar:/Users/rogueleaderr/.m2/repository/org/apache/geronimo/specs/geronimo-jta_1.1_spec/1.1.1/geronimo-jta_1.1_spec-1.1.1.jar:/Users/rogueleaderr/.m2/repository/org/neo4j/neo4j-lucene-index/1.5/neo4j-lucene-index-1.5.jar:/Users/rogueleaderr/.m2/repository/org/apache/lucene/lucene-core/3.1.0/lucene-core-3.1.0.jar:/Users/rogueleaderr/.m2/repository/org/neo4j/neo4j-graph-algo/1.5/neo4j-graph-algo-1.5.jar:/Users/rogueleaderr/.m2/repository/org/neo4j/neo4j-udc/1.5/neo4j-udc-1.5.jar:/Users/rogueleaderr/.m2/repository/org/neo4j/neo4j-graph-matching/1.5/neo4j-graph-matching-1.5.jar:/Users/rogueleaderr/.m2/repository/org/neo4j/neo4j-cypher/1.5/neo4j-cypher-1.5.jar:/Users/rogueleaderr/.m2/repository/org/scala-lang/scala-library/2.9.0-1/scala-library-2.9.0-1.jar:/Users/rogueleaderr/.m2/repository/org/neo4j/neo4j-jmx/1.5/neo4j-jmx-1.5.jar:/Users/rogueleaderr/.m2/repository/org/neo4j/neo4j-ha/1.5/neo4j-ha-1.5.jar:/Users/rogueleaderr/.m2/repository/org/neo4j/neo4j-backup/1.5/neo4j-backup-1.5.jar:/Users/rogueleaderr/.m2/repository/org/apache/zookeeper/zookeeper/3.3.2/zookeeper-3.3.2.jar:/Users/rogueleaderr/.m2/repository/org/neo4j/neo4j-com/1.5/neo4j-com-1.5.jar:/Users/rogueleaderr/.m2/repository/org/apache/servicemix/bundles/org.apache.servicemix.bundles.netty/3.2.5.Final_1/org.apache.servicemix.bundles.netty-3.2.5.Final_1.jar:/Users/rogueleaderr/.m2/repository/org/neo4j/neo4j-management/1.5/neo4j-management-1.5.jar:/Users/rogueleaderr/.m2/repository/org/openrdf/sesame/sesame-rio-ntriples/2.5.0/sesame-rio-ntriples-2.5.0.jar:/Users/rogueleaderr/.m2/repository/org/openrdf/sesame/sesame-model/2.5.0/sesame-model-2.5.0.jar:/Users/rogueleaderr/.m2/repository/info/aduna/commons/aduna-commons-i18n/1.4.0/aduna-commons-i18n-1.4.0.jar:/Users/rogueleaderr/.m2/repository/org/openrdf/sesame/sesame-rio-api/2.5.0/sesame-rio-api-2.5.0.jar:/Users/rogueleaderr/.m2/repository/org/openrdf/sesame/sesame-repository-api/2.5.0/sesame-repository-api-2.5.0.jar:/Users/rogueleaderr/.m2/repository/org/openrdf/sesame/sesame-query/2.5.0/sesame-query-2.5.0.jar:/Users/rogueleaderr/.m2/repository/info/aduna/commons/aduna-commons-iteration/2.10.0/aduna-commons-iteration-2.10.0.jar:/Users/rogueleaderr/.m2/repository/info/aduna/commons/aduna-commons-lang/2.9.0/aduna-commons-lang-2.9.0.jar:/Users/rogueleaderr/.m2/repository/info/aduna/commons/aduna-commons-io/2.10.0/aduna-commons-io-2.10.0.jar:/Users/rogueleaderr/.m2/repository/org/openrdf/sesame/sesame-repository-sail/2.5.0/sesame-repository-sail-2.5.0.jar:/Users/rogueleaderr/.m2/repository/org/openrdf/sesame/sesame-queryparser-api/2.5.0/sesame-queryparser-api-2.5.0.jar:/Users/rogueleaderr/.m2/repository/org/openrdf/sesame/sesame-queryalgebra-model/2.5.0/sesame-queryalgebra-model-2.5.0.jar:/Users/rogueleaderr/.m2/repository/org/slf4j/slf4j-api/1.5.6/slf4j-api-1.5.6.jar:/Users/rogueleaderr/.m2/repository/org/slf4j/slf4j-jdk14/1.5.6/slf4j-jdk14-1.5.6.jar:/Users/rogueleaderr/.m2/repository/org/slf4j/jcl-over-slf4j/1.5.6/jcl-over-slf4j-1.5.6.jar:/Users/rogueleaderr/.m2/repository/org/eclipse/jetty/jetty-server/7.2.2.v20101205/jetty-server-7.2.2.v20101205.jar:/Users/rogueleaderr/.m2/repository/javax/servlet/servlet-api/2.5/servlet-api-2.5.jar:/Users/rogueleaderr/.m2/repository/org/eclipse/jetty/jetty-continuation/7.2.2.v20101205/jetty-continuation-7.2.2.v20101205.jar:/Users/rogueleaderr/.m2/repository/org/eclipse/jetty/jetty-http/7.2.2.v20101205/jetty-http-7.2.2.v20101205.jar:/Users/rogueleaderr/.m2/repository/org/eclipse/jetty/jetty-io/7.2.2.v20101205/jetty-io-7.2.2.v20101205.jar:/Users/rogueleaderr/.m2/repository/org/eclipse/jetty/jetty-util/7.2.2.v20101205/jetty-util-7.2.2.v20101205.jar:/Users/rogueleaderr/.m2/repository/org/eclipse/jetty/jetty-servlet/7.2.2.v20101205/jetty-servlet-7.2.2.v20101205.jar:/Users/rogueleaderr/.m2/repository/org/eclipse/jetty/jetty-security/7.2.2.v20101205/jetty-security-7.2.2.v20101205.jar:/Users/rogueleaderr/.m2/repository/org/eclipse/jetty/jetty-websocket/7.2.2.v20101205/jetty-websocket-7.2.2.v20101205.jar:/Users/rogueleaderr/.m2/repository/commons-lang/commons-lang/2.5/commons-lang-2.5.jar:/Users/rogueleaderr/.m2/repository/junit/junit/4.9/junit-4.9.jar:/Users/rogueleaderr/.m2/repository/org/hamcrest/hamcrest-core/1.1/hamcrest-core-1.1.jar:
2011-12-30 11:58:19.640-0500:   sun.management.compiler = HotSpot 64-Bit Tiered Compilers
2011-12-30 11:58:19.640-0500:   http.nonProxyHosts = local|*.local|169.254/16|*.169.254/16
2011-12-30 11:58:19.640-0500:   user.home = /Users/rogueleaderr
2011-12-30 11:58:19.640-0500:   user.timezone = America/New_York
2011-12-30 11:58:19.640-0500:   file.encoding = MacRoman
2011-12-30 11:58:19.640-0500:   user.name = rogueleaderr
2011-12-30 11:58:19.640-0500:   sun.java.command = /Users/rogueleaderr/Programming/Java/projects/dbpedia_peter/target/surefire/surefirebooter7816628360979007377.jar /Users/rogueleaderr/Programming/Java/projects/dbpedia_peter/target/surefire/surefire4576883166570538592tmp /Users/rogueleaderr/Programming/Java/projects/dbpedia_peter/target/surefire/surefire8978528070401585241tmp
2011-12-30 11:58:19.640-0500:   sun.arch.data.model = 64
2011-12-30 11:58:19.641-0500:   user.language = en
2011-12-30 11:58:19.641-0500:   awt.toolkit = apple.awt.CToolkit
2011-12-30 11:58:19.641-0500:   localRepository = /Users/rogueleaderr/.m2/repository
2011-12-30 11:58:19.641-0500:   file.separator = /
2011-12-30 11:58:19.641-0500:   sun.io.unicode.encoding = UnicodeLittle
2011-12-30 11:58:19.641-0500:   sun.cpu.endian = little
2011-12-30 11:58:19.641-0500:   mrj.version = 1070.1.6.0_29-402
2011-12-30 11:58:19.641-0500:   socksNonProxyHosts = local|*.local|169.254/16|*.169.254/16
2011-12-30 11:58:19.641-0500:   ftp.nonProxyHosts = local|*.local|169.254/16|*.169.254/16
2011-12-30 11:58:19.641-0500:   sun.cpu.isalist = 
2011-12-30 11:58:19.642-0500: Neo4j Kernel properties:
2011-12-30 11:58:19.642-0500:   store_dir=target/db
2011-12-30 11:58:19.642-0500:   logical_log=target/db/nioneo_logical.log
2011-12-30 11:58:19.642-0500:   node_auto_indexing=false
2011-12-30 11:58:19.642-0500:   neostore.relationshipstore.db.mapped_memory=100M
2011-12-30 11:58:19.642-0500:   neostore.nodestore.db.mapped_memory=20M
2011-12-30 11:58:19.642-0500:   use_memory_mapped_buffers=true
2011-12-30 11:58:19.642-0500:   rebuild_idgenerators_fast=true
2011-12-30 11:58:19.642-0500:   neostore.propertystore.db.index.keys.mapped_memory=1M
2011-12-30 11:58:19.642-0500:   neostore.propertystore.db.arrays.mapped_memory=130M
2011-12-30 11:58:19.643-0500:   neostore.propertystore.db.strings.mapped_memory=130M
2011-12-30 11:58:19.643-0500:   neo_store=target/db/neostore
2011-12-30 11:58:19.643-0500:   neostore.propertystore.db.index.mapped_memory=1M
2011-12-30 11:58:19.643-0500:   create=true
2011-12-30 11:58:19.643-0500:   neostore.propertystore.db.mapped_memory=90M
2011-12-30 11:58:19.643-0500:   relationship_auto_indexing=false
2011-12-30 11:58:19.643-0500: Storage files:
2011-12-30 11:58:19.644-0500:   active_tx_log: 11.00 B
2011-12-30 11:58:19.644-0500:   index:
2011-12-30 11:58:19.644-0500:     lucene-store.db: 32.00 B
2011-12-30 11:58:19.644-0500:     lucene.log.1: 16.00 B
2011-12-30 11:58:19.644-0500:     lucene.log.active: 4.00 B
2011-12-30 11:58:19.645-0500:   - Total: 52.00 B
2011-12-30 11:58:19.645-0500:   lock: 0.00 B
2011-12-30 11:58:19.645-0500:   messages.log: 32.90 kB
2011-12-30 11:58:19.645-0500:   neostore: 45.00 B
2011-12-30 11:58:19.645-0500:   neostore.id: 9.00 B
2011-12-30 11:58:19.646-0500:   neostore.nodestore.db: 9.00 B
2011-12-30 11:58:19.646-0500:   neostore.nodestore.db.id: 9.00 B
2011-12-30 11:58:19.646-0500:   neostore.propertystore.db: 0.00 B
2011-12-30 11:58:19.646-0500:   neostore.propertystore.db.arrays: 128.00 B
2011-12-30 11:58:19.646-0500:   neostore.propertystore.db.arrays.id: 9.00 B
2011-12-30 11:58:19.646-0500:   neostore.propertystore.db.id: 9.00 B
2011-12-30 11:58:19.646-0500:   neostore.propertystore.db.index: 0.00 B
2011-12-30 11:58:19.647-0500:   neostore.propertystore.db.index.id: 9.00 B
2011-12-30 11:58:19.647-0500:   neostore.propertystore.db.index.keys: 38.00 B
2011-12-30 11:58:19.647-0500:   neostore.propertystore.db.index.keys.id: 9.00 B
2011-12-30 11:58:19.647-0500:   neostore.propertystore.db.strings: 128.00 B
2011-12-30 11:58:19.647-0500:   neostore.propertystore.db.strings.id: 9.00 B
2011-12-30 11:58:19.647-0500:   neostore.relationshipstore.db: 0.00 B
2011-12-30 11:58:19.647-0500:   neostore.relationshipstore.db.id: 9.00 B
2011-12-30 11:58:19.648-0500:   neostore.relationshiptypestore.db: 0.00 B
2011-12-30 11:58:19.648-0500:   neostore.relationshiptypestore.db.id: 9.00 B
2011-12-30 11:58:19.648-0500:   neostore.relationshiptypestore.db.names: 38.00 B
2011-12-30 11:58:19.648-0500:   neostore.relationshiptypestore.db.names.id: 9.00 B
2011-12-30 11:58:19.648-0500:   nioneo_logical.log.1: 16.00 B
2011-12-30 11:58:19.648-0500:   nioneo_logical.log.active: 4.00 B
2011-12-30 11:58:19.648-0500:   tm_tx_log.1: 0.00 B
2011-12-30 11:58:19.648-0500: Id usage:
2011-12-30 11:58:19.649-0500:   NodeStore: used=1 high=0
2011-12-30 11:58:19.649-0500:   RelationshipStore: used=0 high=-1
2011-12-30 11:58:19.649-0500:   RelationshipTypeStore: used=0 high=-1
2011-12-30 11:58:19.649-0500:   PropertyStore: used=0 high=-1
2011-12-30 11:58:19.649-0500:   PropertyIndexStore: used=0 high=-1
2011-12-30 11:58:19.649-0500:   StringPropertyStore: used=1 high=0
2011-12-30 11:58:19.649-0500:   ArrayPropertyStore: used=1 high=0
2011-12-30 11:58:19.650-0500: --- CONFIGURATION END ---
2011-12-30 11:58:19.651-0500: Extension org.neo4j.kernel.KernelExtension[kernel udc] loaded ok
2011-12-30 11:58:19.754-0500: Extension org.neo4j.kernel.KernelExtension[kernel jmx] loaded ok
2011-12-30 11:58:19.754-0500: Extension org.neo4j.kernel.KernelExtension[online backup] loaded ok
2011-12-30 11:58:48.015-0500: Rotating [/Users/rogueleaderr/Programming/Java/projects/dbpedia_peter/target/db/index/lucene.log.1] @ version=0 to /Users/rogueleaderr/Programming/Java/projects/dbpedia_peter/target/db/index/lucene.log.2 from position 26214418
2011-12-30 11:58:48.016-0500: Rotate log first start entry @ pos=26108312
2011-12-30 11:58:48.053-0500: Rotate: old log scanned, newLog @ pos=106122
2011-12-30 11:58:48.054-0500: Log rotated, newLog @ pos=106122 and version 1
2011-12-30 11:59:23.799-0500: Closed log target/db/nioneo_logical.log
2011-12-30 11:59:23.810-0500: NeoStore closed
2011-12-30 11:59:23.972-0500: Closed log /Users/rogueleaderr/Programming/Java/projects/dbpedia_peter/target/db/index/lucene.log
2011-12-30 11:59:23.972-0500: NeoStore closed
2011-12-30 11:59:23.972-0500: TM shutting down
